[    0.0000] niiazing cgrup subyscpuset
[  0000000 Itiliing rop ubsy cu    0.000] Iniiaizg group ubys puacct
[  0000000 Luxvesion 4..014-gneri(bldd@w0am64-033) ccvesion5.0 010609 (buu .4.06ubnt~16.04.1)  #68-Ubuntu SMP ed Jn  2:00:4 UC 209 Ubntu 4..014.168geerc 4.167
[  0000000 Cmad neBOT_IMAGE=/bootvmlinu-4.0142-gener rt=LABE=coumg-rot r consoe=y1consol=tS0
[    00000] ERL pported cus:
[  0.000]  IntelGenuinentel
[   .0000]   AM AheticAMD
[  00000  CenturenurHaul
   0000000]x8fp: xstteofet[2: 76xstate_izs[]: 25
   000000] x8/f: uppotig SA feaur0x1: '87flatngpoin risers'
[  000000] 6/pu: Suporting XSE featrex0: 'SSEreistrs
[   00000]x8/fu:Supprtg SAVE fate x0: 'AVX regiser
[    00000] 6/fpu: Eabedstatefeur 0x7 cte size s 32yts, uin 'tadard' forat
   000000] 20 BIO-pvied phsil AM mp:
[    000000] BOS82: em0x00000000000-x00000000fbf] sale
[    00000 BIOS-e20: [mem0x00000009c00-x000000009fff]esrved
[  000000] IOe80: [me0x0000000f00-0x0000000ffff]rerved
[   0.0000] OS820:[mm 0000000000100000-0x000000003ffeffff]usable
[    0.000000]IO-e0:me 000003ff0000x000000ffff] ACPI at
[    0.000000] BOS-e820: [mm 000000fe00000x0000fe00fff]rervd
[   0.0000] BIOS-82 [em 000000fee00-00000000f00ff] reerd
[   0.0000 BIOS-e80:[m 0x000000ffc000-0000000fffffff rered
   00000] NX Exut Dsae)protecton aive
[    .000] SMBIOS.5rese.[   .0000]Hyerisr etectd:VM
[  00000 e20lat_pf =x3ff0 ma_achfn =0x000000
[    0000] MRR Dsaled[   .000000 x6/T:MTRRs diabed sippingPAT intilizatio to.
[    .0000]CP MTRs lllank - viruaizd ystem.[   0.0000 x6/PA: nfguratin 0-: WB  WTUCUC  WB WTUC UC 
[   .00000fond SP P-bl at me0x009ff00x00ffff] maedat[ffff80000ff0]
   000000] Scanig  areas or lowmeor cruion
[   0.00000] RAMDIK:mem 0x36080-03717bfff
   000000]AC: Earl tlehecksu vifcationdibld
[   .0000] ACP: SD 0000000000000 0002(v2 BOX )[   0.0000 AI: XSDT x0000003FF03 0003C (v01VB   VOXDT000000 AL 000061
[   .00000ACP: FAP 000000FF0F0 0000F (04VBX   BOAC 00000 AL 000001)
[    .000] ACPI DT x00000003F040 021FF v0VBX   BOBI 0000002NT200052)[    .000000]ACI:ACS 0x000000FFF02000040
[    0.00000 AI: FS 0000003F0200 0040
[  000000] APIAPC 0x000000FF0240005Cv02 VBX VBOXPIC 000001SL  00006)[   .000] ACP ST 0x0000FFF02A001C (v01 VBOX  VOXUT 00002INTL 21052
[   0.000] NoNU cnfguration oud
[  0.000] Fakg  nodeatme 0x00000000000x0000000fffff]
[   0.000] NDEDAA() allocated [mem 0x3ffeb0000-3fffff
  0.00000]vmclckUsng msrs 4b641 an4b4d00[  0.00000]kvcloc: pu, msr :3fe00, prma cu cloc
[  0.00000 k-clok:sig scd fset o 3131505 ccles
[   0.0000]loksourc: vmclck: as: ffffffffffff ma_ccls: 0x1cd42e4df, max_les: 8155983 n
[  0000000 Ze ngees:
[  000000] DM      me0x00000000100-x0000000ffff]
[   0.0000  MA2   [mem0x00000100000-x000000fffff]
[   00000]   Nomal  emty
[    00000   Devic  empt
    0.000]Movaleon stat r ach od
[   0.0000 Erly emy ode rage
   0.0000] nod   [em 0x000000000000x000000000ff
[   0.00000]  de  : me 00000000100000x000000ffff]
[   0.0000] Initmm supnode 0 [m 000000000000-00000000fefff]
   .00000] CP P-Timr O rt: 0x00
   0.00000 IPIC[: ic_id  vrson 32,ades 0xfc000 GSI0-
    .000] CPI: IT_RCOV (bu 0usirq 0 lobl_q 2 flfl
[   0.0000] ACP: INT_RCVR(bu 0usrq 9 gobl_q  lowlel)
[    .000] Usin AI (MAD) orSMP cofiraio ifoaton
[    0.000000]smpbotAlwing 2PU 0 hotlug PU
    0.0000 P: Regited osav mor: [mem 00000000x0000f]
[  0.0000] M:egistere nav memor [m 0x0000-000ff]
[  00000] : gistedosve memoy:[mm 0x0000-0x00eff
[   0.000] PM: Rgierd noavmeory: [emx00f000-0x00ffff][   .00000] 82 [em 0x400000-0ebfff] valable for I evce
   000000]ootig paavrtalzed erelonKVM[  0.000 closoce: rein-jffie: sk 0xfffffmax_cycls:0xffffff m_ile_n: 645596021158 
   0.00000 sup_perpuNRCPUS51nrcpumaskbis:12 n_c_is:2 n_ne_ds:1
[   0.00000]PERCU:mbdded34ags/pufff8803f000 9980812 d3152 10856[  0.00000Bult 1 zonlis n Noe der, mbiitgrupin o  otal pge 2791
[   .00000 Poliy one:MA2
[   0.000] Krn cmmand in: OO_IMAE=bot/mlnu4..0-1-gericro=LBEL=cldi-root rcosolett cnsoltt0
[   00000] IDas tablentes 409(oer: 3,27 byt)[   0.00] Memor 9772K1012K avaiab (8603K kenecoe, 132K rwat, 00K daa, 1484K ni, 31K bs 588K reered,0Kcma-esve)
[   0000] UBHWalign=64,Orer0-3, Minbjts0, Cs= Ndes=1
[   .00000] Kene/Uer pagetaesisolti: nabld[   .00000 Hracchic R impleentin.
   00000] Buldtie adjustmt of leaf fanout t 64.
[   000000] 	RCU rstctng Cs om NR_US512 o nrcp_id=2
[  0.0000RCU: Ajuin geoety orrcu_not_eaf=4,nrpu_ids2    .00000 N_IQS30 nr_irs:0 6
[  00000] Consol: olour GA8025
[    0.000000] console [tty1] enabled
[    0.000000] onol [tyS] abled
[   .00000]tsc: Detected 2494.226 MHz processor
[   24.539582] Calibrating delay loop (skipped) preset value.. 4988.45 BogoMIPS (lpj=9976904)
[   24.687403] pid_max: default: 32768 minimum: 301
[   24.778662] ACPI: Core revision 20150930
[   24.848358] ACPI: 2 ACPI AML tables successfully acquired and loaded
[   24.951519] Security Framework initialized
[   25.035073] Yama: becoming mindful.
[   25.111453] AppArmor: AppArmor initialized
[   25.194745] Dentry cache hash table entries: 131072 (order: 8, 1048576 bytes)
[   25.312515] Inode-cache hash table entries: 65536 (order: 7, 524288 bytes)
[   25.457192] Mount-cache hash table entries: 2048 (order: 2, 16384 bytes)
[   25.547031] Mountpoint-cache hash table entries: 2048 (order: 2, 16384 bytes)
[   25.635357] Initializing cgroup subsys io
[   25.699734] Initializing cgroup subsys memory
[   25.770605] Initializing cgroup subsys devices
[   25.855140] Initializing cgroup subsys freezer
[   25.928866] Initializing cgroup subsys net_cls
[   26.003306] Initializing cgroup subsys perf_event
[   26.095526] Initializing cgroup subsys net_prio
[   26.175125] Initializing cgroup subsys hugetlb
[   26.274839] Initializing cgroup subsys pids
[   26.355875] mce: CPU supports 0 MCE banks
[   26.430584] Last level iTLB entries: 4KB 1024, 2MB 1024, 4MB 1024
[   26.535523] Last level dTLB entries: 4KB 1024, 2MB 1024, 4MB 1024, 1GB 4
[   26.658701] Spectre V2 : Mitigation: Full generic retpoline
[   26.738860] Spectre V2 : Spectre v2 / SpectreRSB mitigation: Filling RSB on context switch
[   26.898948] Speculative Store Bypass: Vulnerable
[   26.989677] Freeing SMP alternatives memory: 32K
[   27.071367] ftrace: allocating 32277 entries in 127 pages
[   27.212156] smpboot: APIC(0) Converting physical 0 to logical package 0
[   27.352903] smpboot: Max logical packages: 1
[   27.435403] x2apic enabled
[   27.476585] Switched APIC routing to physical x2apic.
[   27.556110] ..TIMER: vector=0x30 apic1=0 pin1=2 apic2=-1 pin2=-1
[   27.770139] smpboot: CPU0: Intel(R) Core(TM) i7-4870HQ CPU @ 2.50GHz (family: 0x6, model: 0x46, stepping: 0x1)
[   27.968505] Performance Events: unsupported p6 CPU model 70 no PMU driver, software events only.
[   28.158396] KVM setup paravirtual spinlock
[   28.239308] x86: Booting SMP configuration:
[   28.328213] .... node  #0, CPUs:      #1
[   28.405818] kvm-clock: cpu 1, msr 0:3ffe3041, secondary cpu clock
[   28.546813] mce: CPU supports 0 MCE banks
[   28.633575] x86: Booted up 1 node, 2 CPUs
[   28.698188] smpboot: Total of 2 processors activated (9976.90 BogoMIPS)
[   28.830898] devtmpfs: initialized
[   28.864533] evm: security.selinux
[   28.890852] evm: security.SMACK64
[   28.947293] evm: security.SMACK64EXEC
[   29.006922] evm: security.SMACK64TRANSMUTE
[   29.007926] evm: security.SMACK64MMAP
[   29.061547] evm: security.ima
[   29.123065] evm: security.capability
[   29.174336] clocksource: jiffies: mask: 0xffffffff max_cycles: 0xffffffff, max_idle_ns: 7645041785100000 ns
[   29.351306] futex hash table entries: 512 (order: 3, 32768 bytes)
[   29.454160] pinctrl core: initialized pinctrl subsystem
[   29.557004] RTC time: 11:15:23, date: 03/03/19
[   29.642999] NET: Registered protocol family 16
[   29.730384] cpuidle: using governor ladder
[   29.814520] cpuidle: using governor menu
[   29.886692] PCCT header not found.
[   29.938258] ACPI: bus type PCI registered
[   29.982113] acpiphp: ACPI Hot Plug PCI Controller Driver version: 0.5
[   30.043775] PCI: Using configuration type 1 for base access
[   30.163081] ACPI: Added _OSI(Module Device)
[   30.222230] ACPI: Added _OSI(Processor Device)
[   30.294615] ACPI: Added _OSI(3.0 _SCP Extensions)
[   30.381290] ACPI: Added _OSI(Processor Aggregator Device)
[   30.465909] ACPI: Executed 1 blocks of module-level executable AML code
[   30.564192] ACPI: Interpreter enabled
[   30.634456] ACPI: (supports S0 S5)
[   30.696813] ACPI: Using IOAPIC for interrupt routing
[   30.784798] PCI: Using host bridge windows from ACPI; if necessary, use "pci=nocrs" and report a bug
[   30.919625] ACPI: PCI Root Bridge [PCI0] (domain 0000 [bus 00-ff])
[   31.014276] acpi PNP0A03:00: _OSC: OS supports [ASPM ClockPM Segments MSI]
[   31.090155] acpi PNP0A03:00: _OSC: not requesting OS control; OS requires [ExtendedConfig ASPM ClockPM MSI]
[   31.143434] acpi PNP0A03:00: fail to add MMCONFIG information, can't access extended PCI configuration space under this bridge.
[   31.146359] PCI host bridge to bus 0000:00
[   31.147338] pci_bus 0000:00: root bus resource [io  0x0000-0x0cf7 window]
[   31.160839] pci_bus 0000:00: root bus resource [io  0x0d00-0xffff window]
[   31.273445] pci_bus 0000:00: root bus resource [mem 0x000a0000-0x000bffff window]
[   31.404107] pci_bus 0000:00: root bus resource [mem 0x40000000-0xfdffffff window]
[   31.518384] pci_bus 0000:00: root bus resource [bus 00-ff]
[   31.611190] pci 0000:00:01.1: legacy IDE quirk: reg 0x10: [io  0x01f0-0x01f7]
[   31.732352] pci 0000:00:01.1: legacy IDE quirk: reg 0x14: [io  0x03f6]
[   31.839530] pci 0000:00:01.1: legacy IDE quirk: reg 0x18: [io  0x0170-0x0177]
[   31.952239] pci 0000:00:01.1: legacy IDE quirk: reg 0x1c: [io  0x0376]
[   32.053717] pci 0000:00:07.0: quirk: [io  0x4000-0x403f] claimed by PIIX4 ACPI
[   32.159876] pci 0000:00:07.0: quirk: [io  0x4100-0x410f] claimed by PIIX4 SMB
[   32.251107] ACPI: PCI Interrupt Link [LNKA] (IRQs 5 9 10 *11)
[   32.316079] ACPI: PCI Interrupt Link [LNKB] (IRQs 5 9 *10 11)
[   32.413434] ACPI: PCI Interrupt Link [LNKC] (IRQs 5 *9 10 11)
[   32.511312] ACPI: PCI Interrupt Link [LNKD] (IRQs 5 9 10 *11)
[   32.599965] ACPI: Enabled 2 GPEs in block 00 to 07
[   32.704329] vgaarb: setting as boot device: PCI:0000:00:02.0
[   32.799117] vgaarb: device added: PCI:0000:00:02.0,decodes=io+mem,owns=io+mem,locks=none
[   32.932469] vgaarb: loaded
[   32.986001] vgaarb: bridge control possible 0000:00:02.0
[   33.082846] SCSI subsystem initialized
[   33.167852] ACPI: bus type USB registered
[   33.232301] usbcore: registered new interface driver usbfs
[   33.307385] usbcore: registered new interface driver hub
[   33.325521] usbcore: registered new device driver usb
[   33.337746] PCI: Using ACPI for IRQ routing
[   33.353581] NetLabel: Initializing
[   33.384735] NetLabel:  domain hash size = 128
[   33.468169] NetLabel:  protocols = UNLABELED CIPSOv4
[   33.569091] NetLabel:  unlabeled traffic allowed by default
[   33.670506] amd_nb: Cannot enumerate AMD northbridges
[   33.769961] clocksource: Switched to clocksource kvm-clock
[   33.88002]ppmo AArr lest Ebl
  4.468]np PP ACPI iit
[ 343407pn PP PIfod dece
[   35.085660] clocksource: acpi_pm: mask: 0xffffff max_cycles: 0xffffff, max_idle_ns: 2085701024 ns
[   35.282735] NET: Registered protocol family 2
[   35.371096] TCP established hash table entries: 8192 (order: 4, 65536 bytes)
[   35.502321] TCP bind hash table entries: 8192 (order: 5, 131072 bytes)
[   35.533533] TCP: Hash tables configured (established 8192 bind 8192)
[   35.552308] UDP hash table entries: 512 (order: 2, 16384 bytes)
[   35.592152] UDP-Lite hash table entries: 512 (order: 2, 16384 bytes)
[   35.773146] NET: Registered protocol family 1
[   35.955166] pci 0000:00:00.0: Limiting direct PCI/PCI transfers
[   36.204688] pci 0000:00:01.0: Activating ISA DMA hang workarounds
[   36.372927] Unpacking initramfs...
[   36.614433] Freeing initrd memory: 14800K
[   36.638243] platform rtc_cmos: registered platform RTC device (no PNP device found)
[   36.661143] Scanning for low memory corruption every 60 seconds
[   36.679874] audit: initializing netlink subsys (disabled)
[   36.840796] audit: type=2000 audit(1551611703.161:1): initialized
[   37.038115] Initialise system rrusted keyring
[   37.179371] HugeTLB registered 2 MB page size, pre-allocated 0 pages
[   37.392978] zbud: loaded
[   37.450045] VFS: Disk quotas dquot_6.6.0
[   37.578119] VFS: Dquot-cache hash table entries: 512 (order 0, 4096 bytes)
[   37.737790] tsc: Refined TSC clocksource calibration: 2494.226 MHz
[   37.765689] clocksource: tsc: mask: 0xffffffffffffffff max_cycles: 0x23f3eb3743e, max_idle_ns: 440795257847 ns
[   37.766046] squashfs: version 4.0 (2009/01/31) Phillip Lougher
[ 379485] seint PIveio 73)
[   38.351265] Key type big_key registered
[   38.429246] Allocating IMA MOK and blacklist keyrings.
[   38.581184] Key type asymmetric registered
[   38.698027] Asymmetric key parser 'x509' registered
[   38.837667] Block layer SCSI generic (bsg) driver version 0.4 loaded (major 249)
[   38.870064] io scheduler noop registered
[   38.909165] io scheduler deadline registered (default)
[   39.052788] io scheduler cfq registered
[   39.151796] pci_hotplug: PCI Hot Plug PCI Core version: 0.5
[   39.339702] pciehp: PCI Exprsss Hot Plug Controller Driver version: 0.4
[   39.579648] ACPI: AC Adapter [AC] (off-line)
[   39.777529] input: Power Button as /devices/LNXSYSTM:00/LNXPWRBN:00/input/input0
[   39.949228] ACPI: Power Button [PWRF]
[   39.963879] input: Sleep Button as /devices/LNXSYSTM:00/LNXSLPBN:00/input/input1
[   39.994456] ACPI: Sleep Button [SLPF]
[   40.016464] GHES: HEST is not enabled!
[   40.017580] ACPI: Battery Slot [BAT0] (battery present)
[   40.259255] Serial: 8250/16550 driver, 32 ports, IRQ sharing enabled
ÿ[   40.455831] 00:02: ttyS0 at I/O 0x3f8 (irq = 4, base_baud = 115200) is a 16550A
[   40.679934] Linux agpgart interface v0.103
[   40.788902] loop: module loaded
[   40.912785] scsi host0: ata_piix
[   41.009932] scsi host1: ata_piix
[   41.057682] ata1: PATA max UDMA/33 cmd 0x1f0 ctl 0x3f6 bmdma 0xd000 irq 14
[   41.094037] ata2: PATA max UDMA/33 cmd 0x170 ctl 0x376 bmdma 0xd008 irq 15
[   41.209626] libphy: Fixed MDIO Bus: probed
[   41.371593] tun: Universal TUN/TAP device driver, 1.6
[   41.470521] tun: (C) 1999-2004 Max Krasnyansky <maxk@qualcomm.com>
[   41.649665] PPP generic driver version 2.4.2
[   41.772841] ehci__cd: USB 2.0 'Enhanced' Host Controller (EHCI) Driver
[   41.959341] ehci-pci: EHCI PCI platform driver
[   42.073519] ehci-platform: EHCI generic platform driver
[   42.171393] ohci_hcd: USB 1.1 'Open' Host Controller (OHCI) Driver
[   42.203662] ohci-pci: OHCI PCI platform driver
[   42.232504] ohci-platform: OHCI generic platform driver
[   42.375416] uhci_hcd: USB Universal Host Controller Interface driver
[   42.549003] i8042: PNP: PS/2 Controller [PNP0303:PS2K,PNP0f03:PS2M] at 0x60,0x64 irq 1,12
[   42.636228] serio: i8042 KBD port at 0x60,0x64 irq 1
[   42.659581] serio: i8042 AUX port at 0x60,0x64 irq 12
[   42.709882] mousedev: PS/2 mouse device common for all mice
[   42.743091] rtc_cmos rtc_cmos: rtc core: registered rtc_cmos as rtc0
[   42.778254] input: AT Translated Set 2 keyboard as /devices/platform/i8042/serio0/input/input2
[   42.778260] rtc_cmos rtc_cmos: alarms up to one day, 114 bytes nvram
[   42.778279] i2c /dev entries driver
[   42.778340] device-mapper: uevent: version 1.0.3
[   43.050025] device-mapper: ioctl: 4.34.0-ioctl (2015-10-28) initialised: dm-devel@redhat.com
[   43.050053] ledtrig-cpu: registered to indicate activity on CPUs
[   43.050319] NET: Registered protocol family 10
[   43.050453] NET: Registered protocol family 17
[   43.050464] Key type dns_resolver registered
[   43.050672] registered taskstats version 1
[   43.050683] Loading compiled-in X.509 certificates
[   43.051232] Loaded X.509 cert 'Build time autogenerated kernel key: bff73e56bc0efa7435b2a24f5427674623f1be80'
[  443.051251] zswap: loaded using pool lzo/zbud
[   43.052510] Key type trusted registered
[   43.054452] Key type encrypted registered
[   43.054455] AppArmor: AppArmor sha1 policy hashing enabled
[   43.054458] ima: No TPM chip found, activating TPM-bypass!
[   43.054460] ima: Allocated hash algorithm: sha1
[   43.054473] evm: HMAC attrs: 0x1
[   43.054841]   Magic number: 11:91:276
[   43.054862] tty tty13: hash matches
[   43.123156] rtc_cmos rtc_cmos: setting system clock to 2019-03-03 11:15:37 UTC (1551611737)
[   43.123290] BIOS EDD facility v0.16 2004-Jun-25, 0 devices found
[   43.123291] EDD information not available.
[   45.504452] Freeing unused kernel memory: 1484K
[   46.269274] Write protecting the kernel read-only data: 14336k
[   46.807791] Freeing unused kernel memory: 1624K
[   47.599792] Freeing unused kernel memory: 92K
Loading, please [   48.388753] random: systemd-udevd: uninitialized urandom read (16 bytes read, 5 bits of entropy available)
wait...
startin[   48.389341] random: udevadm: uninitialized urandom read (16 bytes read, 5 bits of entropy available)
g version 229
[   48.389358] random: udevadm: uninitialized urandom read (16 bytes read, 5 bits of entropy available)
[   48.395858] random: udevadm: uninitialized urandom read (16 bytes read, 5 bits of entropy available)
[   48.395891] random: udevadm: uninitialized urandom read (16 bytes read, 5 bits of entropy available)
[   48.395992] random: udevadm: uninitialized urandom read (16 bytes read, 5 bits of entropy available)
[   48.396029] random: udevadm: uninitialized urandom read (16 bytes read, 5 bits of entropy available)
[   48.396068] random: udevadm: uninitialized urandom read (16 bytes read, 5 bits of entropy available)
[   48.396104] random: udevadm: uninitialized urandom read (16 bytes read, 5 bits of entropy available)
[   48.396139] random: udevadm: uninitialized urandom read (16 bytes read, 5 bits of entropy available)
[   49.965302] e1000: Intel(R) PRO/1000 Network Driver - version 7.3.21-k8-NAPI
[   50.098676] e1000: Copyright (c) 1999-2006 Intel Corporation.
[   50.302066] Fusion MPT base driver 3.04.20
[   50.374075] Copyright (c) 1999-2008 LSI Corporation
[   50.463828] Fusion MPT SPI Host driver 3.04.20
[   50.551008] AVX2 version of gcm_enc/dec engaged.
[   50.624782] AES CTR mode by8 optimization enabled
[   50.753549] input: ImExPS/2 Generic Explorer Mouse as /devices/platform/i8042/serio1/input/input4
[   51.273157] e1000 0000:00:03.0 eth0: (PCI:33MHz:32-bit) 02:22:14:82:b3:e3
[   51.502620] e1000 0000:00:03.0 eth0: Intel(R) PRO/1000 Network Connection
[   51.699638] mptbase: ioc0: Initiating bringup
[   51.862883] ioc0: LSI53C1030 A0: Capabilities={Initiator}
[   52.161017] scsi host2: ioc0: LSI53C1030 A0, FwRev=00000000h, Ports=1, MaxQ=256, IRQ=20
[   52.339918] scsi 2:0:0:0: Direct-Access     VBOX     HARDDISK         1.0  PQ: 0 ANSI: 5
[   52.574837] scsi target2:0:0: Beginning Domain Validation
[   52.722722] e1000 0000:00:08.0 eth1: (PCI:33MHz:32-bit) 08:00:27:74:1c:fa
[   52.722727] e1000 0000:00:08.0 eth1: Intel(R) PRO/1000 Network Connection
[   53.029044] e1000 0000:00:03.0 enp0s3: renamed from eth0
[   53.036462] scsi target2:0:0: Domain Validation skipping write tests
[   53.036463] scsi target2:0:0: Ending Domain Validation
[   53.036591] scsi target2:0:0: asynchronous
[   53.148356] scsi 2:0:1:0: Direct-Access     VBOX     HARDDISK         1.0  PQ: 0 ANSI: 5
[   53.148362] scsi target2:0:1: Beginning Domain Validation
[   53.150330] scsi target2:0:1: Domain Validation skipping write tests
[   53.150331] scsi target2:0:1: Ending Domain Validation
[   53.150371] scsi target2:0:1: asynchronous
[   53.223446] sd 2:0:0:0: Attached scsi generic sg0 type 0
[   53.223665] sd 2:0:0:0: [sda] 20971520 512-byte logical blocks: (10.7 GB/10.0 GiB)
[   53.223682] sd 2:0:1:0: Attached scsi generic sg1 type 0
[   53.223772] sd 2:0:1:0: [sdb] 20480 512-byte logical blocks: (10.5 MB/10.0 MiB)
[   53.223862] sd 2:0:0:0: [sda] Write Protect is off
[   53.224095] sd 2:0:0:0: [sda] Incomplete mode parameter data
[   53.224096] sd 2:0:0:0: [sda] Assuming drive cache: write through
[   53.224109] sd 2:0:1:0: [sdb] Write Protect is off
[   53.224252] sd 2:0:1:0: [sdb] Incommlete mode parameter data
[   53.224253] sd 2:0:1:0: [sdb] Assuming drive cache: write through
[   53.226980]  sda: sda1
[   53.227684] sd 2:0:0:0: [sda] Attached SCSI disk
[   53.227952] sd 2:0:1:0: [sdb] Attached SCSI disk
[   55.987195] e1000 0000:00:08.0 enp0s8: renamed from eth1
Begin: Loading e[   58.189869] md: linear personality registered for level -1
ssential drivers[   58.287031] md: multipath personality registered for level -4
 ... [   58.405379] md: raid0 personality registered for level 0
[   58.602959] md: raid1 personality registered for level 1
[   58.778256] raid6: sse2x1   gen() 10982 MB/s
[   58.894138] raid6: sse2x1   xor()  7932 MB/s
[   59.030082] raid6: sse2x2   gen() 13965 MB/s
[   59.182191] raid6: sse2x2   xor()  9295 MB/s
[   59.318201] raid6: sse2x4   gen() 16245 MB/s
[   59.454233] raid6: sse2x4   xor() 11301 MB/s
[   59.574190] raid6: avx2x1   gen() 21437 MB/s
[   59.710044] raid6: avx2x2   gen() 24973 MB/s
[   59.842034] raid6: avx2x4   gen() 28666 MB/s
[   59.914401] raid6: using algorithm avx2x4 gen() 28666 MB/s
[   59.966506] raid6: using avx2x2 recovery algorithm
[   59.970967] xor: automatically using best checksumming function:
[   60.068949]    avx       : 49391.000 MB/sec
[   60.218516] async_tx: api initialized (async)
[   60.296425] md: raid6 personality registered for level 6
[   60.398681] md: raid5 personality registered for level 5
[   60.475584] md: raid4 personality registered for level 4
[   60.583654] md: raid10 personality registered for level 10
done.
Begin: Running /scripts/i[   60.731001] Btrfs loaded
nit-premount ... done.
Begin: Mounting root file system ... Begin: Running /scripts/local-top ... done.
Begin: Running /scripts/local-premount ... Scanning for Btrfs filesystems
done.
Warning: fsck no[   60.841359] EXT4-fs (sda1): mounted filesystem with ordered data mode. Opts: (null)
t present, so skipping root file system
done.
Begin: Running /scripts/local-bottom ... done.
Begin: Running /scripts/init-bottom ... done.
[   61.106110] systemd[1]: systemd 229 running in system mode. (+PAM +AUDIT +SELINUX +IMA +APPARMOR +SMACK +SYSVINIT +UTMP +LIBCRYPTSETUP +GCRYPT +GNUTLS +ACL +XZ -LZ4 +SECCOMP +BLKID +ELFUTILS +KMOD -IDN)
[   61.632767] systemd[1]: Detected virtualization oracle.
[   61.762222] systemd[1]: Detected architecture x86-64.

Welcome to [1mUbuntu 16.04.5 LTS[0m!

[   61.975023] systemd[1]: Set hostname to <ubuntu>.
[   62.124256] systemd[1]: Initializing machine ID from random generator.
[   62.162278] systemd[1]: Installed transient /etc/machine-id file.
[   62.286843] systemd[1]: Reached target User and Group Name Lookups.
[[0;32m  OK  [0m] Reached target User and Group Name Lookups.
[   62.581527] systemd[1]: Started Trigger resolvconf update for networkd DNS.
[[0;32m  OK  [0m] Started Trigger resolvconf update for networkd DNS.
[   62.807183] systemd[1]: Listening on udev Control Socket.
[[0;32m  OK  [0m] Listening on udev Control Socket.
[   62.979795] systemd[1]: Created slice User and Session Slice.
[[0;32m  OK  [0m] Created slice User and Session Slice.
[   63.238769] systemd[1]: Listening on udev Kernel Socket.
[[0;32m  OK  [0m] Listening on udev Kernel Socket.
[   63.282256] systemd[1]: Reached target System Time Synchronized.
[[0;32m  OK  [0m] Reached target System Time Synchronized.
[   63.446480] systemd[1]: Listening on Syslog Socket.
[[0;32m  OK  [0m] Listening on Syslog Socket.
[   63.658868] systemd[1]: Listening on Journal Socket.
[[0;32m  OK  [0m] Listening on Journal Socket.
[   63.850469] systemd[1]: Reached target Encrypted Volumes.
[[0;32m  OK  [0m] Reached target Encrypted Volumes.
[   64.071571] systemd[1]: Listening on Journal Audit Socket.
[[0;32m  OK  [0m] Listening on Journal Audit Socket.
[   64.246739] systemd[1]: Listening on Journal Socket (/dev/log).
[[0;32m  OK  [0m] Listening on Journal Socket (/dev/log).
[   64.378308] systemd[1]: Listening on LVM2 metadata daemon socket.
[[0;32m  OK  [0m] Listening on LVM2 metadata daemon socket.
[   64.427033] systemd[1]: Reached target Swap.
[[0;32m  OK  [0m] Reached target Swap.
[   64.559327] systemd[1]: Listening on /dev/initctl Compatibility Named Pipe.
[[0;32m  OK  [0m] Listening on /dev/initctl Compatibility Named Pipe.
[   44.879310] systemd[1]: Listening on Device-mapper event daemon FIFOs.
[[0;32m  OK  [0m] Listening on Device-mapper event daemon FIFOs.
[   65.210639] systemd[1]: Set up automount Arbitrary Executable File Formats File System Automount Point.
[[0;32m  OK  [0m] Set up automount Arbitrary Executab...ats File System Automount Point.
[   65.494366] systemd[1]: Started Forward Password Requests to Wall Directory Watch.
[[0;32m  OK  [0m] Started Forward Password Requests to Wall Directory Watch.
[   65.690904] systemd[1]: Listening on LVM2 poll daemon socket.
[[0;32m  OK  [0m] Listening on LVM2 poll daemon socket.
[   65.975539] systemd[1]: Created slice System Slice.
[[0;32m  OK  [0m] Created slice System Slice.
[   66.174852] systemd[1]: Mounting Huge Pages File System...
[   66.2790 rndm:noblckngoo i initializd
         Mounting Huge Pages File System...
[   66.662268] systemd[1]: Starting Load Kernel Modules...
[   66.787] oain iSIrapo casv2-80.

         Startin[   67.201105] iscsi: registered transport (tcp)
g Load Kernel Modules...
[   67.309496] iscsi: registered transport (iser)
[   68.134548] systemd[1]: Mounting POSIX Message Queue File System...
         Mounting POSIX Message Queue File System...
[   68.390623] systemd[1]: Starting Set console keymap...
         Starting Set console keymap...
[   68.590485] systemd[1]: Mounting Debug File System...
         Mounting Debug File System...
[   68.822241] systemd[1]: Starting Uncomplicated firewall...
         Starting Uncomplicated firewall...
[   68.841682] systemd[1]: Reached target Slices.
[[0;32m  OK  [0m] Reached target Slices.
[   68.844676] systemd[1]: Created slice system-serial\x2dgetty.slice.
[[0;32m  OK  [0m] Created slice system-serial\x2dgetty.slice.
[   68.870940] systemd[1]: Starting Monitoring of LVM2 mirrors, snapshots etc. using dmeventd or progress polling...
         Starting Monitoring of LVM2 mirrors... dmeventd or progress polling...
[   69.274928] systemd[1]: Starting Remount Root and Kernel File Systems...
[   69.278763] EXT4-fs (sda1): re-mounted. Opts: (null)
         Starting Remount Root and Kernel File Systems...
[   69.718962] systemd[1]: Starting Journal Service...
         Starting Journal Service...
[   69.870554] systemd[1]: Starting Create list of required static device nodes for the current kernel...
         Starting Create list of required st... nodes for the current kernel...
[   69.990823] systemd[1]: Starting Nameserver information manager...
         Starting Nameserver information manager...
[   70.203117] systemd[1]: Mounted Debug File System.
[[0;32m  OK  [0m] Mounted Debug File System.
[   70.446774] systemd[1]: Mounted Huge Pages File System.
[[0;32m  OK  [0m] Mounted Huge Pages File System.
[   70.622679] systemd[1]: Mounted POSIX Message Queue File System.
[[0;32m  OK  [0m] Mounted POSIX Message Queue File System.
[   70.834700] systemd[1]: Started Journal Service.
[[0;32m  OK  [0m] Started Journal Service.
[[0;32m  OK  [0m] Started Load Kernel Modules.
[[0;32m  OK  [0m] Started Set console keymap.
[[0;32m  OK  [0m] Started Uncomplicated firewall.
[[0;32m  OK  [0m] Started Remount Root and Kernel File Systems.
[[0;32m  OK  [0m] Started Create list of required sta...ce nodes for the current kernel.
[[0;32m  OK  [0m] Started Nameserver information manager.
[[0;32m  OK  [0m] Started LVM2 metadata daemon.
         Starting Create Static Device Nodes in /dev...
         Starting Load/Save Random Seed...
         Starting udev Coldplug all Devices...
         Starting Apply Kernel Variables...
         Mounting FUSE Control File System...
         Starting Flush Journal to Persistent Storage...
[[0;32m  OK  [0m] Mounted FUSE Control File System.
[[0;32m  OK  [0m] Started Monitoring of LVM2 mirrors,...ng dmeventd or progress polling.
[[0;32m  OK  [0m] Started Create Static Device Nodes in /dev.
[[0;32m  OK  [0m] Started Load/Save Random Seed.
[[0;32m  OK  [0m] Started Apply Kernel Variables.
[[0;32m  OK  [0m] Started udev Coldplug all Devices.
[[0;32m  OK  [0m] Started Flush Journal to Persistent Storage.
         Starting udev Kernel Device Manager...
[[0;32m  OK  [0m] Reached target Local File Systems (Pre).
[[0;32m  OK  [0m] Reached target Local File Systems.
         Starting Tell Plymouth To Write Out Runtime Data...
         Starting Initial cloud-init job (pre-networking)...
         Starting LSB: AppArmor initialization...
         Starting Set console font and keymap...
         Starting Commit a transient machine-id on disk...
         Starting Create Volatile Files and Directories...
[[0;32m  OK  [0m] Started udev Kernel Device Manager.
[[0;32m  OK  [0m] Started Tell Plymouth To Write Out Runtime Data.
[[0;32m  OK  [0m] Started Set console font and keymap.
[[0;32m  OK  [0m] Started Commit a transient machine-id on disk.
[[0;32m  OK  [0m] Started Create Volatile Files and Directories.
[[0;32m  OK  [0m] Found device /dev/ttyS0.
[   40.405070] cloud-init[586]: Cloud-init v. 18.4-0ubuntu1~16.04.2 running 'init-local' at Sun, 03 Mar 2019 11:16:07 +0000. Up 40.13 seconds.
[[0;32m  OK  [0m] Listening on Load/Save RF Kill Switch Status /dev/rfkill Watch.
         Starting Update UTMP about System Boot/Shutdown...
[[0;32m  OK  [0m] Created slice system-getty.slice.
[[0;32m  OK  [0m] Started Dispatch Password Requests to Console Directory Watch.
[[0;32m  OK  [0m] Started LSB: AppArmor initialization.
[[0;32m  OK  [0m] Started Initial cloud-init job (pre-networking).
[[0;32m  OK  [0m] Started Update UTMP about System Boot/Shutdown.
[[0;32m  OK  [0m] Reached target Network (Pre).
         Starting Raise network interfaces...
[[0;32m  OK  [0m] Started Raise network interfaces.
         Starting Initial cloud-init job (metadata service crawler)...
[[0;32m  OK  [0m] Reached target Network.
[   42.264960] cloud-init[939]: Cloud-init v. 18.4-0ubuntu1~16.04.2 running 'init' at Sun, 03 Mar 2019 11:16:09 +0000. Up 41.72 seconds.
[[0;32m  OK  [0m] Started Initial cloud-init job (metadata service crawler).
[[   42.407877] cloud-init[939]: ci-info: ++++++++++++++++++++++++++++++++++++++Net device info+++++++++++++++++++++++++++++++++++++++
[0;32m  OK  [0m[   42.502964] cloud-init[939]: ci-info: +--------+-------+----------------------------+---------------+--------+-------------------+
] Reached target System Initialization.
[   42.503326] cloud-init[939]: ci-info: | Device |   Up  |          Address           |      Mask     | Scope  |     Hw-Address    |
[[   42.785558] cloud-init[939]: ci-info: +--------+-------+----------------------------+---------------+--------+-------------------+
[0;32m  OK  [0m] Listening on UUID daemon activation socket.
         Starting LXD - unix socket.
[[0;32m  OK  [0m] Started Daily apt download activities.
[[0;32m  OK  [0m] Started Daily apt upgrade and clean activities.
[[0;32m  OK  [0m] Listening on ACPID Listen Socket.
[[0;32m  OK  [0m] Started Daily Cleanup of Temporary Directories.
[[0;32m  OK  [0m] Reached target Timers.
[   42.785943] cloud-init[939]: ci-info: | enp0s3 |  True |         10.0.2.15          | 255.255.255.0 | global | 02:22:14:82:b3:e3 |
[   43.612747] cloud-init[939]: ci-info: | enp0s3 |  True | fe80::22:14ff:fe82:b3e3/64 |       .       |  link  | 02:22:14:82:b3:e3 |
[[   43.613324] cloud-init[939]: ci-info: | enp0s8 | False |             .              |       .       |   .    | 08:00:27:74:1c:fa |
[0;32m  OK  [0m] Started ACPI Events Check.
[[   43.613752] cloud-init[939]: ci-info: |   lo   |  True |         127.0.0.1          |   255.0.0.0   |  host  |         .         |
[0;32m  OK  [0m] Reached target Paths.
[   43.862230] cloud-init[939]: ci-info: |   lo   |  True |          ::1/128           |       .       |  host  |         .         |
[   44.088557] cloud-init[939]: ci-info: +--------+-------+----------------------------+---------------+--------+-------------------+
[[   44.089001] cloud-init[939]: ci-info: +++++++++++++++++++++++++++Route IPv4 info++++++++++++++++++++++++++++
[0;32m  OK  [0m] Listening on D-Bus System Message Bus Socket.
[   44.089336] cloud-init[939]: ci-info: +-------+-------------+----------+---------------+-----------+-------+
[   44.478975] cloud-init[939]: ci-info: | Route | Destination | Gateway  |    Genmask    | Interface | Flags |
         [   44.479502] cloud-init[939]: ci-info: +-------+-------------+----------+---------------+-----------+-------+
Starting Socket activation for snappy daemon.
[   44.479901] cloud-init[939]: ci-info: |   0   |   0.0.0.0   | 10.0.2.2 |    0.0.0.0    |   enp0s3  |   UG  |
[[0;32m  OK  [0m] Reached target Cloud-config availability.
[[   44.726577] cloud-init[939]: ci-info: |   1   |   10.0.2.0  | 0.0.0.0  | 255.255.255.0 |   enp0s3  |   U   |
[0;32m  OK  [0m[   44.865668] cloud-init[939]: ci-info: +-------+-------------+----------+---------------+-----------+-------+
] Reached target Network is Online.
[   44.866127] cloud-init[939]: ci-info: +++++++++++++++++++Route IPv6 info+++++++++++++++++++
[   45.169583] cloud-init[939]: ci-info: +-------+-------------+---------+-----------+-------+
         [   45.170401] cloud-init[939]: ci-info: | Route | Destination | Gateway | Interface | Flags |
Starting iSCSI initiator daemon (iscsid)...
[   45.170827] cloud-init[939]: ci-info: +-------+-------------+---------+-----------+-------+
[   45.469480] cloud-init[939]: ci-info: |   0   |  fe80::/64  |    ::   |   enp0s3  |   U   |
[[0;32m  OK  [0m] Listening on LXD - unix socket.
[[   45.470420] cloud-init[939]: ci-info: |   3   |   ff00::/8  |    ::   |   enp0s3  |   U   |
[0;32m  OK  [0m[   45.613133] cloud-init[939]: ci-info: +-------+-------------+---------+-----------+-------+
] Listening on Socket activation for snappy daemon.
[   45.613352] cloud-init[939]: Generating public/private rsa key pair.
[   45.901056] cloud-init[939]: Your identification has been saved in /etc/ssh/ssh_host_rsa_key.
[   45.936730] cloud-init[939]: Your public key has been saved in /etc/ssh/ssh_host_rsa_key.pub.
[   45.997483] cloud-init[939]: The key fingerprint is:
[   46.064726] cloud-init[939]: SHA256:Exhn/8ogSpSNVIrR9lAk05nKC969MMCdEikjm/7O7Ww root@ubuntu-xenial
[   46.152574] cloud-init[939]: The key's randomart image is:
[   46.656661] cloud-init[939]: +---[RSA 2048]----+
[   46.724420] cloud-init[939]: |  .o+==oo        |
[   46.724857] cloud-init[939]: |+ o++B+= .       |
[   46.724905] cloud-init[939]: |.*.===o . .      |
[   46.724949] cloud-init[939]: |o =.= .  . .     |
[   46.724990] cloud-init[939]: |.. =.o. S   .    |
[   46.725031] cloud-init[939]: | ...=... + .     |
[   46.725071] cloud-init[939]: |  . .o .  o      |
[   46.725112] cloud-init[939]: |  ..oE.          |
[   46.725152] cloud-init[939]: |  .oo+           |
[   46.725197] cloud-init[939]: +----[SHA256]-----+
[   46.725239] cloud-init[939]: Generating public/private dsa key pair.
[   46.725280] cloud-init[939]: Your identification has been saved in /etc/ssh/ssh_host_dsa_key.
[   46.725318] cloud-init[939]: Your public key has been saved in /etc/ssh/ssh_host_dsa_key.pub.
[   46.725357] cloud-init[939]: The key fingerprint is:
[   46.725398] cloud-init[939]: SHA256:0bnrpTrzT/86PV4ZfF6/CdtsFz+Kd9nUUUS8FkAco9c root@ubuntu-xenial
[   46.725437] cloud-init[939]: The key's randomart image is:
[   46.725478] cloud-init[939]: +---[DSA 1024]----+
[   46.725516] cloud-init[939]: |            o=o+o|
[   46.725556] cloud-init[939]: |         . ...o.o|
[   46.725595] cloud-init[939]: |        . o. . E+|
[   46.725637] cloud-init[939]: |         . .. .+ |
[   46.725676] cloud-init[939]: |        S .   .o=|
[   46.725715] cloud-init[939]: |           .   oO|
[   46.725752] cloud-init[939]: |          . o. +O|
[   46.725791] cloud-init[939]: |        o. +.o**O|
[   46.725828] cloud-init[939]: |        .=+oooBX=|
[   46.725867] cloud-init[939]: +----[SHA256]-----+
[   46.725905] cloud-init[939]: Generating public/private ecdsa key pair.
[   46.725943] cloud-init[939]: Your identification has been saved in /etc/ssh/ssh_host_ecdsa_key.
[   46.725982] cloud-init[939]: Your public key has been saved in /etc/ssh/ssh_host_ecdsa_key.pub.
[   46.726021] cloud-init[939]: The key fingerprint is:
[   46.726061] cloud-init[939]: SHA256:3Y33lqhuahLCqNq+yFN9ZcDJ6rLxYBV/g1uxBFqJ3VI root@ubuntu-xenial
[   46.726105] cloud-init[939]: The key's randomart image is:
[   46.726143] cloud-init[939]: +---[ECDSA 256]---+
[   46.726182] cloud-init[939]: |      =o*E       |
[   46.726221] cloud-init[939]: |     ooO +       |
[   46.726260] cloud-init[939]: |     .+ = o      |
[   46.726298] cloud-init[939]: |     o o O . o   |
[   46.726337] cloud-init[939]: |    *   S o o o  |
[   46.726374] cloud-init[939]: |   B = +     ....|
[   46.726451] cloud-init[939]: |  + * o .    . .o|
[   46.726492] cloud-init[939]: |.= . . . . ..  . |
[   46.726531] cloud-init[939]: |+o=.    o.+o     |
[   46.726572] cloud-init[939]: +----[SHA256]-----+
[   46.726611] cloud-init[939]: Generating public/private ed25519 key pair.
[   46.726650] cloud-init[939]: Your identification has been saved in /etc/ssh/ssh_host_ed25519_key.
[   46.726689] cloud-init[939]: Your public key has been saved in /etc/ssh/ssh_host_ed25519_key.pub.
[   46.726729] cloud-init[939]: The key fingerprint is:
[   46.726766] cloud-init[939]: SHA256:IOgzrFiCZ+N9I9BsdeVjTT0WSDGA/Le2aQdli3HsUaA root@ubuntu-xenial
[   46.726804] cloud-init[939]: The key's randomart image is:
[   46.726842] cloud-init[939]: +--[ED25519 256]--+
[   46.726880] cloud-init[939]: |       . .oo=+oo |
[   46.726918] cloud-init[939]: |   .    oo o.o+ .|
[   46.727266] cloud-init[939]: |  . . o ..+ Eo o |
[   46.727310] cloud-init[939]: |.o o o o ...o *  |
[   46.727347] cloud-init[939]: |o @ +   S  . O o |
[   46.727380] cloud-init[939]: |.B B        = o  |
[   46.727414] cloud-init[939]: |o . o o    . +   |
[   46.727449] cloud-init[939]: |     o .    + .  |
[   46.727483] cloud-init[939]: |           . .   |
[   46.727519] cloud-init[939]: +----[SHA256]-----+
[[0;32m  OK  [0m] Reached target Sockets.
[[0;32m  OK  [0m] Reached target Basic System.
[[0;32m  OK  [0m] Started ACPI event daemon.
         Starting Pollinate to seed the pseudo random number generator...
[[0;32m  OK  [0m] Started D-Bus System Message Bus.
         Starting Accounts Service...
         Starting LSB: Record successful boot for GRUB...
         Starting /etc/rc.local Compatibility...
         Starting LSB: MD monitoring daemon...
         Starting Snappy daemon...
[[0;32m  OK  [0m] Started Regular background program processing daemon.
         Starting System Logging Service...
[[0;32m  OK  [0m] Started Unattended Upgrades Shutdown.
         Starting LXD - container startup/shutdown...
         Starting Virtualbox guest utils...
[[0;32m  OK  [0m] Started Deferred execution scheduler.
[[0;32m  OK  [0m] Started FUSE filesystem for LXC.
         Starting Login Service...
[[0;32m  OK  [0m] Started System Logging Service.
[[0;32m  OK  [0m] Started Snappy daemon.
[[0;32m  OK  [0m] Started iSCSI initiator daemon (iscsid).
[[0;32m  OK  [0m] Started /etc/rc.local Compatibility.
[[0;32m  OK  [0m] Started LXD - container startup/shutdown.
[[0;32m  OK  [0m] Started LSB: Record successful boot for GRUB.
[[0;32m  OK  [0m] Started LSB: MD monitoring daemon.
         Starting Authenticate and Authorize Users to Run Privileged Tasks...
         Starting Login to default iSCSI targets...
         Starting Wait until snapd is fully seeded...
[[0;32m  OK  [0m] Started Virtualbox guest utils.
[[0;32m  OK  [0m] Started Login Service.
[[0;32m  OK  [0m] Started Authenticate and Authorize Users to Run Privileged Tasks.
[[0;32m  OK  [0m] Started Accounts Service.
[[0;32m  OK  [0m] Started Login to default iSCSI targets.
[[0;32m  OK  [0m] Reached target Remote File Systems (Pre).
[[0;32m  OK  [0m] Reached target Remote File Systems.
         Starting LSB: Set the CPU Frequency Scaling governor to "ondemand"...
         Starting LSB: daemon to balance interrupts for SMP systems...
         Starting Permit User Sessions...
         Starting LSB: automatic crash report generation...
[[0;32m  OK  [0m] Started Wait until snapd is fully seeded.
[[0;32m  OK  [0m] Started Permit User Sessions.
         Starting Hold until boot process finishes up...
         Starting Terminate Plymouth Boot Screen...
         Starting Apply the settings specified in cloud-config...
[[0;32m  OK  [0m] Started LSB: Set the CPU Frequency Scaling governor to "ondemand".
[[0;32m  OK  [0m] Started LSB: daemon  o balance interrupts for SMP systems.
[[0;32m  OK  [0m] Started LSB: automatic crash report generation.
[[0;32m  OK  [0m] Started Hold until boot process finishes up.
[[0;32m  OK  [0m] Started Terminate Plymouth Boot Screen.
[[0;32m  OK  [0m] Started Getty on tty1.
         Starting Set console scheme...
[[0;32m  OK  [0m] Started Serial Getty on ttyS0.
[[0;32m  OK  [0m] Reached target Login Prompts.
[[0;32m  OK  [0m] Started Set console scheme.
[   52.060695] cloud-init[1231]: Generating locales (this might take a while)...
[   52.947517] cloud-init[1231]:   en_US.UTF-8... done
[   52.996469] cloud-init[1231]: Generation complete.
[   53.215976] cloud-init[1231]: Cloud-init v. 18.4-0ubuntu1~16.04.2 running 'modules:config' at Sun, 03 Mar 2019 11:16:19 +0000. Up 51.90 seconds.
[[0;32m  OK  [0m] Started Apply the settings specified in cloud-config.
[[0;32m  OK  [0m] Started Pollinate to seed the pseudo random number generator.
         Starting OpenBSD Secure Shell server...
[[0;32m  OK  [0m] Started OpenBSD Secure Shell server.
[[0;32m  OK  [0m] Reached target Multi-User System.
[[0;32m  OK  [0m] Reached target Graphical Interface.
         Starting Update UTMP about System Runlevel Changes...
         Starting Execute cloud user/final scripts...
[[0;32m  OK  [0m] Started Update UTMP about System Runlevel Changes.
[[0;32m  OK  [0m] Created slice User Slice of vagrant.
         Starting User Manager for UID 1000...
[[0;32m  OK  [0m] Started User Manager for UID 1000.
[[0;32m  OK  [0m] Started Session 1 of user vagrant.
ci-info: no authorized ssh keys fingerprints found for user ubuntu.
<14>Mar  3 11:16:23 ec2: 
<14>Mar  3 11:16:23 ec2: #############################################################
<14>Mar  3 11:16:23 ec2: -----BEGIN SSH HOST KEY FINGERPRINTS-----
<14>Mar  3 11:16:23 ec2: 1024 SHA256:0bnrpTrzT/86PV4ZfF6/CdtsFz+Kd9nUUUS8FkAco9c root@ubuntu-xenial (DSA)
<14>Mar  3 11:16:23 ec2: 256 SHA256:3Y33lqhuahLCqNq+yFN9ZcDJ6rLxYBV/g1uxBFqJ3VI root@ubuntu-xenial (ECDSA)
<14>Mar  3 11:16:23 ec2: 256 SHA256:IOgzrFiCZ+N9I9BsdeVjTT0WSDGA/Le2aQdli3HsUaA root@ubuntu-xenial (ED25519)
<14>Mar  3 11:16:23 ec2: 2048 SHA256:Exhn/8ogSpSNVIrR9lAk05nKC969MMCdEikjm/7O7Ww root@ubuntu-xenial (RSA)
<14>Mar  3 11:16:23 ec2: -----END SSH HOST KEY FINGERPRINTS-----
<14>Mar  3 11:16:23 ec2: #############################################################
-----BEGIN SSH HOST KEY KEYS-----
ecdsa-sha2-nistp256 AAAAE2VjZHNhLXNoYTItbmlzdHAyNTYAAAAIbmlzdHAyNTYAAABBBIiHmSUFFpYwWgGJDy4O6ZujcEx6Qi5rgtCdSS6Wcy2Qn0y9eJyQB62s+23o9nMKJ144D+bYo9N6ElYs8kWLNDQ= root@ubuntu-xenial
ssh-ed25519 AAAAC3NzaC1lZDI1NTE5AAAAIFoN0uVcVk+GqBKfBy4atAFT/1C4qfAMIxO47VASO1if root@ubuntu-xenial
ssh-rsa AAAAB3NzaC1yc2EAAAADAQABAAABAQC832iksr38HcYi+CqAV+oXr0GPP2A7DCHNatGqrtbwYzn5kQe5ihGmYucqD2bCtqqMGsFbfUfs1+p7SX4qUiUGEWMA8wzc4WkmIoS4R/2pjWpI+ryIdS0BB+6x7PZbZb47+NllSChp3oJuA1lyCtOLs+PjtiNV3JFx48gCkwYnCXvk36SXmhwRXaxo6oP+p018t8G/5ueod7uTKCMkVXRfrQwNwwJdyj3ZsdEH4+laTP/KDFYWg4dZGr5mPDvBf9EJbql6Q7si4S+fnwh0sdsvItrO5EBJqZphy1aFHPz4ZaVu0Vx8y7Bl/jHX8OKTOoy0WTNcs75owoU4B3hbhE8d root@ubuntu-xenial
-----END SSH HOST KEY KEYS-----
[   57.110855] cloud-init[1301]: Cloud-init v. 18.4-0ubuntu1~16.04.2 running 'modules:final' at Sun, 03 Mar 2019 11:16:23 +0000. Up 55.88 seconds.
[   57.111114] cloud-init[1301]: ci-info: no authorized ssh keys fingerprints found for user ubuntu.
[   57.111480] cloud-init[1301]: Cloud-init v. 18.4-0ubuntu1~16.04.2 finished at Sun, 03 Mar 2019 11:16:24 +0000. Datasource DataSourceNoCloud [seed=/dev/sdb][dsmode=net].  Up 57.09 seconds

Ubuntu 16.04.5 LTS sanpatrignano ttyS0

sanpatrignano login: 